#
# There is insufficient memory for the Java Runtime Environment to continue.
# Native memory allocation (mmap) failed to map 264241152 bytes for G1 virtual space
# Possible reasons:
#   The system is out of physical RAM or swap space
#   The process is running with CompressedOops enabled, and the Java Heap may be blocking the growth of the native heap
# Possible solutions:
#   Reduce memory load on the system
#   Increase physical memory or swap space
#   Check if swap backing store is full
#   Decrease Java heap size (-Xmx/-Xms)
#   Decrease number of Java threads
#   Decrease Java thread stack sizes (-Xss)
#   Set larger code cache with -XX:ReservedCodeCacheSize=
#   JVM is running with Zero Based Compressed Oops mode in which the Java heap is
#     placed in the first 32GB address space. The Java Heap base address is the
#     maximum limit for the native heap growth. Please use -XX:HeapBaseMinAddress
#     to set the Java Heap base and to place the Java Heap above 32GB virtual address.
# This output file may be truncated or incomplete.
#
#  Out of Memory Error (os_windows.cpp:3548), pid=7224, tid=7372
#
# JRE version:  (17.0.13+10) (build )
# Java VM: Java HotSpot(TM) 64-Bit Server VM (17.0.13+10-LTS-268, mixed mode, emulated-client, sharing, tiered, compressed oops, compressed class ptrs, g1 gc, windows-amd64)
# No core dump will be written. Minidumps are not enabled by default on client versions of Windows
#

---------------  S U M M A R Y ------------

Command Line: --module-path=C:\Users\Mariana Ionela\.jdks\javafx-sdk-17.0.14\lib --add-modules=javafx.controls,javafx.fxml -XX:TieredStopAtLevel=1 -Dspring.output.ansi.enabled=always -Dcom.sun.management.jmxremote -Dspring.jmx.enabled=true -Dspring.liveBeansView.mbeanDomain -Dspring.application.admin.enabled=true -Dmanagement.endpoints.jmx.exposure.include=* -javaagent:C:\Program Files\JetBrains\IntelliJ IDEA 2023.2.2\lib\idea_rt.jar=63932:C:\Program Files\JetBrains\IntelliJ IDEA 2023.2.2\bin -Dfile.encoding=UTF-8 com.example.demo.Presentation.DemoApplication

Host: 12th Gen Intel(R) Core(TM) i7-1255U, 12 cores, 15G,  Windows 11 , 64 bit Build 26100 (10.0.26100.3775)
Time: Sun May  4 22:29:24 2025 GTB Daylight Time elapsed time: 1.202663 seconds (0d 0h 0m 1s)

---------------  T H R E A D  ---------------

Current thread (0x0000022f59ac3920):  JavaThread "Unknown thread" [_thread_in_vm, id=7372, stack(0x000000e689c00000,0x000000e689d00000)]

Stack: [0x000000e689c00000,0x000000e689d00000]
Native frames: (J=compiled Java code, j=interpreted, Vv=VM code, C=native code)
V  [jvm.dll+0x67a23a]
V  [jvm.dll+0x7da96d]
V  [jvm.dll+0x7dc2b3]
V  [jvm.dll+0x7dc923]
V  [jvm.dll+0x2450ef]
V  [jvm.dll+0x677279]
V  [jvm.dll+0x66bf22]
V  [jvm.dll+0x302006]
V  [jvm.dll+0x3095a6]
V  [jvm.dll+0x359e9e]
V  [jvm.dll+0x35a0cf]
V  [jvm.dll+0x2d90d8]
V  [jvm.dll+0x2da044]
V  [jvm.dll+0x7ace81]
V  [jvm.dll+0x367701]
V  [jvm.dll+0x78bcc9]
V  [jvm.dll+0x3ec9bf]
V  [jvm.dll+0x3ee5f1]
C  [jli.dll+0x5297]
C  [ucrtbase.dll+0x37b0]
C  [KERNEL32.DLL+0x2e8d7]
C  [ntdll.dll+0xb14fc]


---------------  P R O C E S S  ---------------

Threads class SMR info:
_java_thread_list=0x00007ff901ec8a18, length=0, elements={
}

Java Threads: ( => current thread )

Other Threads:
  0x0000022f59b30fa0 GCTaskThread "GC Thread#0" [stack: 0x000000e689d00000,0x000000e689e00000] [id=21904]
  0x0000022f59b42920 ConcurrentGCThread "G1 Main Marker" [stack: 0x000000e689e00000,0x000000e689f00000] [id=2920]
  0x0000022f59b43240 ConcurrentGCThread "G1 Conc#0" [stack: 0x000000e689f00000,0x000000e68a000000] [id=12936]

[error occurred during error reporting (printing all threads), id 0xc0000005, EXCEPTION_ACCESS_VIOLATION (0xc0000005) at pc=0x00007ff9016f9bc7]

VM state: not at safepoint (not fully initialized)

VM Mutex/Monitor currently owned by a thread:  ([mutex/lock_event])
[0x0000022f59ac0820] Heap_lock - owner thread: 0x0000022f59ac3920

Heap address: 0x0000000704e00000, size: 4018 MB, Compressed Oops mode: Zero based, Oop shift amount: 3

CDS archive(s) mapped at: [0x0000000000000000-0x0000000000000000-0x0000000000000000), size 0, SharedBaseAddress: 0x0000000800000000, ArchiveRelocationMode: 1.
Narrow klass base: 0x0000000000000000, Narrow klass shift: 0, Narrow klass range: 0x0

GC Precious Log:
<Empty>

Heap:
 garbage-first heap   total 0K, used 0K [0x0000000704e00000, 0x0000000800000000)
  region size 2048K, 0 young (0K), 0 survivors (0K)

[error occurred during error reporting (printing heap information), id 0xc0000005, EXCEPTION_ACCESS_VIOLATION (0xc0000005) at pc=0x00007ff901ae3a29]

GC Heap History (0 events):
No events

Deoptimization events (0 events):
No events

Classes unloaded (0 events):
No events

Classes redefined (0 events):
No events

Internal exceptions (0 events):
No events

VM Operations (0 events):
No events

Events (1 events):
Event: 0.012 Loaded shared library C:\Program Files\Java\jdk-17\bin\java.dll


Dynamic libraries:
0x00007ff7c7520000 - 0x00007ff7c7530000 	C:\Program Files\Java\jdk-17\bin\java.exe
0x00007ff96e1a0000 - 0x00007ff96e400000 	C:\WINDOWS\SYSTEM32\ntdll.dll
0x00007ff96c060000 - 0x00007ff96c127000 	C:\WINDOWS\System32\KERNEL32.DLL
0x00007ff96b880000 - 0x00007ff96bc4a000 	C:\WINDOWS\System32\KERNELBASE.dll
0x00007ff96b730000 - 0x00007ff96b87b000 	C:\WINDOWS\System32\ucrtbase.dll
0x00007ff93e380000 - 0x00007ff93e39b000 	C:\Program Files\Java\jdk-17\bin\VCRUNTIME140.dll
0x00007ff93f130000 - 0x00007ff93f149000 	C:\Program Files\Java\jdk-17\bin\jli.dll
0x00007ff96c730000 - 0x00007ff96c7e2000 	C:\WINDOWS\System32\ADVAPI32.dll
0x00007ff96bfb0000 - 0x00007ff96c059000 	C:\WINDOWS\System32\msvcrt.dll
0x00007ff96c130000 - 0x00007ff96c1d6000 	C:\WINDOWS\System32\sechost.dll
0x00007ff96c1e0000 - 0x00007ff96c2f6000 	C:\WINDOWS\System32\RPCRT4.dll
0x00007ff96c400000 - 0x00007ff96c5cc000 	C:\WINDOWS\System32\USER32.dll
0x00007ff96b380000 - 0x00007ff96b3a7000 	C:\WINDOWS\System32\win32u.dll
0x00007ff94d830000 - 0x00007ff94dac7000 	C:\WINDOWS\WinSxS\amd64_microsoft.windows.common-controls_6595b64144ccf1df_6.0.26100.3624_none_3e086962e3345f24\COMCTL32.dll
0x00007ff96c3d0000 - 0x00007ff96c3fa000 	C:\WINDOWS\System32\GDI32.dll
0x00007ff96bc50000 - 0x00007ff96bd81000 	C:\WINDOWS\System32\gdi32full.dll
0x00007ff96bef0000 - 0x00007ff96bf93000 	C:\WINDOWS\System32\msvcp_win.dll
0x00007ff94fe40000 - 0x00007ff94fe4b000 	C:\WINDOWS\SYSTEM32\VERSION.dll
0x00007ff96c300000 - 0x00007ff96c32f000 	C:\WINDOWS\System32\IMM32.DLL
0x00007ff967a70000 - 0x00007ff967a7c000 	C:\Program Files\Java\jdk-17\bin\vcruntime140_1.dll
0x00007ff920140000 - 0x00007ff9201ce000 	C:\Program Files\Java\jdk-17\bin\msvcp140.dll
0x00007ff901410000 - 0x00007ff901ff1000 	C:\Program Files\Java\jdk-17\bin\server\jvm.dll
0x00007ff96e000000 - 0x00007ff96e008000 	C:\WINDOWS\System32\PSAPI.DLL
0x00007ff947d50000 - 0x00007ff947d5a000 	C:\WINDOWS\SYSTEM32\WSOCK32.dll
0x00007ff967eb0000 - 0x00007ff967ee6000 	C:\WINDOWS\SYSTEM32\WINMM.dll
0x00007ff96e0e0000 - 0x00007ff96e154000 	C:\WINDOWS\System32\WS2_32.dll
0x00007ff96a150000 - 0x00007ff96a16a000 	C:\WINDOWS\SYSTEM32\kernel.appcore.dll
0x00007ff950980000 - 0x00007ff95098a000 	C:\Program Files\Java\jdk-17\bin\jimage.dll
0x00007ff968a40000 - 0x00007ff968c81000 	C:\WINDOWS\SYSTEM32\DBGHELP.DLL
0x00007ff96d0b0000 - 0x00007ff96d432000 	C:\WINDOWS\System32\combase.dll
0x00007ff96d8f0000 - 0x00007ff96d9c6000 	C:\WINDOWS\System32\OLEAUT32.dll
0x00007ff93ea10000 - 0x00007ff93ea49000 	C:\WINDOWS\SYSTEM32\dbgcore.DLL
0x00007ff96be50000 - 0x00007ff96bee9000 	C:\WINDOWS\System32\bcryptPrimitives.dll
0x00007ff965b00000 - 0x00007ff965b0e000 	C:\Program Files\Java\jdk-17\bin\instrument.dll
0x00007ff933940000 - 0x00007ff933965000 	C:\Program Files\Java\jdk-17\bin\java.dll

dbghelp: loaded successfully - version: 4.0.5 - missing functions: none
symbol engine: initialized successfully - sym options: 0x614 - pdb path: .;C:\Program Files\Java\jdk-17\bin;C:\WINDOWS\SYSTEM32;C:\WINDOWS\WinSxS\amd64_microsoft.windows.common-controls_6595b64144ccf1df_6.0.26100.3624_none_3e086962e3345f24;C:\Program Files\Java\jdk-17\bin\server

VM Arguments:
jvm_args: --module-path=C:\Users\Mariana Ionela\.jdks\javafx-sdk-17.0.14\lib --add-modules=javafx.controls,javafx.fxml -XX:TieredStopAtLevel=1 -Dspring.output.ansi.enabled=always -Dcom.sun.management.jmxremote -Dspring.jmx.enabled=true -Dspring.liveBeansView.mbeanDomain -Dspring.application.admin.enabled=true -Dmanagement.endpoints.jmx.exposure.include=* -javaagent:C:\Program Files\JetBrains\IntelliJ IDEA 2023.2.2\lib\idea_rt.jar=63932:C:\Program Files\JetBrains\IntelliJ IDEA 2023.2.2\bin -Dfile.encoding=UTF-8 
java_command: com.example.demo.Presentation.DemoApplication
java_class_path (initial): C:\Users\Mariana Ionela\MATERII\AN 3 - UTCN\SEM2\Software Design\A1\Backend\demo\demo\target\classes;C:\Users\Mariana Ionela\.m2\repository\org\openjfx\javafx-controls\17.0.8\javafx-controls-17.0.8.jar;C:\Users\Mariana Ionela\.m2\repository\org\openjfx\javafx-controls\17.0.8\javafx-controls-17.0.8-win.jar;C:\Users\Mariana Ionela\.m2\repository\org\openjfx\javafx-fxml\17.0.8\javafx-fxml-17.0.8.jar;C:\Users\Mariana Ionela\.m2\repository\org\openjfx\javafx-fxml\17.0.8\javafx-fxml-17.0.8-win.jar;C:\Users\Mariana Ionela\.m2\repository\org\openjfx\javafx-graphics\17.0.8\javafx-graphics-17.0.8.jar;C:\Users\Mariana Ionela\.m2\repository\org\openjfx\javafx-graphics\17.0.8\javafx-graphics-17.0.8-win.jar;C:\Users\Mariana Ionela\.m2\repository\org\openjfx\javafx-base\17.0.8\javafx-base-17.0.8.jar;C:\Users\Mariana Ionela\.m2\repository\org\openjfx\javafx-base\17.0.8\javafx-base-17.0.8-win.jar;C:\Users\Mariana Ionela\.m2\repository\org\springframework\boot\spring-boot-starter-data-jpa\2.7.9\spring-boot-starter-data-jpa-2.7.9.jar;C:\Users\Mariana Ionela\.m2\repository\org\springframework\boot\spring-boot-starter-aop\2.7.9\spring-boot-starter-aop-2.7.9.jar;C:\Users\Mariana Ionela\.m2\repository\org\aspectj\aspectjweaver\1.9.7\aspectjweaver-1.9.7.jar;C:\Users\Mariana Ionela\.m2\repository\jakarta\transaction\jakarta.transaction-api\1.3.3\jakarta.transaction-api-1.3.3.jar;C:\Users\Mariana Ionela\.m2\repository\jakarta\persistence\jakarta.persistence-api\2.2.3\jakarta.persistence-api-2.2.3.jar;C:\Users\Mariana Ionela\.m2\repository\org\hibernate\hibernate-core\5.6.15.Final\hibernate-core-5.6.15.Final.jar;C:\Users\Mariana Ionela\.m2\repository\org\jboss\logging\jboss-logging\3.4.3.Final\jboss-logging-3.4.3.Final.jar;C:\Users\Mariana Ionela\.m2\repository\net\bytebuddy\byte-buddy\1.12.23\byte-buddy-1.12.23.jar;C:\Users\Mariana Ionela\.m2\repository\antlr\antlr\2.7.7\antlr-2.7.7.jar;C:\Users\Mariana Ionela\.m2\repository\org\jboss\jandex\2.4.2.Final\jandex-2.
Launcher Type: SUN_STANDARD

[Global flags]
     intx CICompilerCount                          = 4                                         {product} {ergonomic}
     uint ConcGCThreads                            = 3                                         {product} {ergonomic}
     uint G1ConcRefinementThreads                  = 10                                        {product} {ergonomic}
   size_t G1HeapRegionSize                         = 2097152                                   {product} {ergonomic}
    uintx GCDrainStackTargetSize                   = 64                                        {product} {ergonomic}
   size_t InitialHeapSize                          = 264241152                                 {product} {ergonomic}
     bool ManagementServer                         = true                                      {product} {command line}
   size_t MarkStackSize                            = 4194304                                   {product} {ergonomic}
   size_t MaxHeapSize                              = 4213178368                                {product} {ergonomic}
   size_t MinHeapDeltaBytes                        = 2097152                                   {product} {ergonomic}
   size_t MinHeapSize                              = 8388608                                   {product} {ergonomic}
    uintx NonProfiledCodeHeapSize                  = 0                                      {pd product} {ergonomic}
     bool ProfileInterpreter                       = false                                  {pd product} {command line}
    uintx ProfiledCodeHeapSize                     = 0                                      {pd product} {ergonomic}
   size_t SoftMaxHeapSize                          = 4213178368                             {manageable} {ergonomic}
     intx TieredStopAtLevel                        = 1                                         {product} {command line}
     bool UseCompressedClassPointers               = true                           {product lp64_product} {ergonomic}
     bool UseCompressedOops                        = true                           {product lp64_product} {ergonomic}
     bool UseG1GC                                  = true                                      {product} {ergonomic}
     bool UseLargePagesIndividualAllocation        = false                                  {pd product} {ergonomic}

Logging:
Log output configuration:
 #0: stdout all=warning uptime,level,tags
 #1: stderr all=off uptime,level,tags

Environment Variables:
JAVA_HOME=C:\Program Files\Java\jdk-17
PATH=C:\Program Files (x86)\VMware\VMware Workstation\bin\;C:\WINDOWS\system32;C:\WINDOWS;C:\WINDOWS\System32\Wbem;C:\WINDOWS\System32\WindowsPowerShell\v1.0\;C:\WINDOWS\System32\OpenSSH\;C:\Program Files\Wolfram Research\WolframScript\;C:\Users\Mariana Ionela\MATERII\SEM2\bin;C:\Users\Mariana Ionela\MATERII\SEM2\ST\MatLab\bin;C:\Program Files\MATLAB\R2023b\bin;C:\Program Files\Git\cmd;C:\Program Files\Docker\Docker\resources\bin;C:\mingw-w64\mingw64\bin;C:\ProgramData\chocolatey\bin;C:\Program Files\dotnet\;C:\Program Files (x86)\Windows Kits\10\Windows Performance Toolkit\;C:\Users\Public;C:\Users\Mariana Ionela\MATERII\AN 3 - UTCN\SEM2\Software Design\apache-maven-3.9.9-bin;C:\Users\Mariana Ionela\Maven\apache-maven-3.9.9-bin (1)\apache-maven-3.9.9\bin;C:\Program Files\Java\jdk-17\bin;C:\Program Files\Java\jdk-17\bin;C:\Program Files\nodejs\;C:\Users\Mariana Ionela\AppData\Roaming\npm;C:\Users\AnacondaFolder\anaconda3;C:\Users\AnacondaFolder\anaconda3\Library\mingw-w64\bin;C:\Users\AnacondaFolder\anaconda3\Library\usr\bin;C:\Users\AnacondaFolder\anaconda3\Library\bin;C:\Users\AnacondaFolder\anaconda3\Scripts;C:\Users\Mariana Ionela\AppData\Roaming\local\bin;C:\Users\Mariana Ionela\AppData\Local\Programs\Python\Launcher\;C:\Users\Mariana Ionela\AppData\Local\Microsoft\WindowsApps;C:\intelFPGA\18.1\modelsim_ase\win32aloem;C:\Users\Mariana Ionela\AppData\Local\Programs\Microsoft VS Code\bin;C:\ghcup\bin;C:\ProgramData\mingw64\mingw64\bin;C:\Users\Mariana Ionela\.dotnet\tools
USERNAME=Mariana Ionela
OS=Windows_NT
PROCESSOR_IDENTIFIER=Intel64 Family 6 Model 154 Stepping 4, GenuineIntel



---------------  S Y S T E M  ---------------

OS:
 Windows 11 , 64 bit Build 26100 (10.0.26100.3775)
OS uptime: 24 days 14:31 hours
Hyper-V role detected

CPU: total 12 (initial active 12) (6 cores per cpu, 2 threads per core) family 6 model 154 stepping 4 microcode 0x435, cx8, cmov, fxsr, ht, mmx, 3dnowpref, sse, sse2, sse3, ssse3, sse4.1, sse4.2, popcnt, lzcnt, tsc, tscinvbit, avx, avx2, aes, erms, clmul, bmi1, bmi2, adx, sha, fma, vzeroupper, clflush, clflushopt, clwb, hv

Memory: 4k page, system-wide physical 16068M (6165M free)
TotalPageFile size 65220M (AvailPageFile size 165M)
current process WorkingSet (physical memory assigned to process): 12M, peak: 12M
current process commit charge ("private bytes"): 59M, peak: 311M

vm_info: Java HotSpot(TM) 64-Bit Server VM (17.0.13+10-LTS-268) for windows-amd64 JRE (17.0.13+10-LTS-268), built on Sep 30 2024 06:33:13 by "mach5one" with MS VC++ 17.6 (VS2022)

END.
